<?xml version="1.0" encoding="UTF-8"?>
<beans xmlns="http://www.springframework.org/schema/beans"
       xmlns:xsi="http://www.w3.org/2001/XMLSchema-instance"
       xmlns:context="http://www.springframework.org/schema/context"
       xsi:schemaLocation="http://www.springframework.org/schema/beans
           http://www.springframework.org/schema/beans/spring-beans-3.0.xsd
           http://www.springframework.org/schema/context
           http://www.springframework.org/schema/context/spring-context-3.0.xsd">

    <!-- Configure annotated beans -->
    <context:annotation-config/>
    <context:component-scan base-package="ch.albertlegrand"/>

    <!--  IMPORT CORRESPONDING HibernateSessionFactory   -->
    <import resource="classpath:hibernateSessionFactoryBean.xml"/>

    <!--  IMPORT CORRESPONDING DATASOURCE   -->
    <import resource="classpath:dataSourceBean.xml"/>

    <!-- APPLICATION CONTEXT PROVIDER -->
    <bean id="applicationContextProvider"
          class="ch.albertlegrand.business.utility.ApplicationContextProvider"/>

    <!-- ServiceBC                -->
    <bean id="albertlegrand.business.bc.ServiceBC"
          class="ch.albertlegrand.business.bc.impl.ServiceBCImpl"/>

    <!-- ***************************************** -->
    <!-- General classes -->
    <!-- ***************************************** -->
    <!-- Mail -->
    <bean id="albertlegrand.business.utility.SendMail" class="ch.albertlegrand.business.utility.impl.SendMailImpl"/>

    <!-- ***************************************** -->
    <!-- Catalogue classes -->
    <!-- ***************************************** -->

    <bean id="albertlegrand.business.bc.ScrapBookBC" class="ch.albertlegrand.business.bc.impl.ScrapBookBCImpl"/>

    <!-- Dilicom File -->
    <bean id="albertlegrand.business.utility.DilicomFile" class="ch.albertlegrand.business.utility.impl.DilicomFileImpl"/>

    <!-- DilicomAdaptor  -->
    <bean id="albertlegrand.service.pluginCatalogue.worldcat.WorldCatAdaptorl"
          class="ch.albertlegrand.service.pluginCatalogue.worldcat.WorldCatAdaptorImpl"/>

    <!-- ElectreNetBC -->
    <bean id="albertlegrand.business.catalogue.ElectreNetBC"
          class="ch.albertlegrand.business.catalogue.impl.ElectreNetBCImpl"/>

    <!-- DilicomBC -->
    <bean id="albertlegrand.business.catalogue.DilicomBC"
          class="ch.albertlegrand.business.catalogue.impl.DilicomBCImpl">
    <property name="extractionPath" ref="${fileExtractionPath}"/>
    </bean>

    <bean id="springJdbcTemplateExtractor" class="ch.albertlegrand.business.utility.SpringJdbcTemplateExtractor">
        <property name="dataSource" ref="dataSource"/>
    </bean>

    <!-- Search term -->
    <bean id="albertlegrand.business.utility.impl.ALGSearchTerm" class="ch.albertlegrand.business.utility.impl.ALGSearchTermImpl"/>

    <bean id="daoExtractBook" class="ch.albertlegrand.service.businesslogic.impl.JdbcDaoSupportServices">
        <property name="dataSource" ref="dataSource"/>
    </bean>

    <!--
    <bean id="albertlegrand.business.catalogue.PluginServiceBC"
          class="ch.albertlegrand.service.businesslogic.impl.PluginServiceBCImpl"/>
                    -->
    <!-- ***************************************** -->
    <!-- Business classes -->
    <!-- ***************************************** -->

    <!-- ElectreAdaptor  -->
    <bean id="albertlegrand.service.pluginCatalogue.elenet.ElectreAdaptor"
          class="ch.albertlegrand.service.pluginCatalogue.elenet.ElectreAdaptorImpl"/>

    <!-- FTP -->
    <bean id="albertlegrand.service.pluginCatalogue.ftp.AlbertFTPClientAdaptor"
          class="ch.albertlegrand.service.pluginCatalogue.ftp.impl.AlbertFtpClientAdaptorImpl"/>

</beans>